#
# A fatal error has been detected by the Java Runtime Environment:
#
#  EXCEPTION_ACCESS_VIOLATION (0xc0000005) at pc=0x000001c46fe262fa, pid=4028, tid=10048
#
# JRE version: OpenJDK Runtime Environment Temurin-11.0.12+7 (11.0.12+7) (build 11.0.12+7)
# Java VM: OpenJDK 64-Bit Server VM Temurin-11.0.12+7 (11.0.12+7, mixed mode, tiered, compressed oops, g1 gc, windows-amd64)
# Problematic frame:
# J 3166 c1 org.springframework.asm.Frame.getAbstractTypeFromDescriptor(Lorg/springframework/asm/SymbolTable;Ljava/lang/String;I)I (415 bytes) @ 0x000001c46fe262fa [0x000001c46fe25ea0+0x000000000000045a]
#
# No core dump will be written. Minidumps are not enabled by default on client versions of Windows
#
# If you would like to submit a bug report, please visit:
#   https://github.com/adoptium/adoptium-support/issues
#

---------------  S U M M A R Y ------------

Command Line: -Dcom.sun.management.jmxremote -Dcom.sun.management.jmxremote.port=55599 -Dcom.sun.management.jmxremote.authenticate=false -Dcom.sun.management.jmxremote.ssl=false -Djava.rmi.server.hostname=localhost -Dspring.jmx.enabled=true -Dspring.liveBeansView.mbeanDomain -Dspring.application.admin.enabled=true -XX:TieredStopAtLevel=1 -Dspring.boot.project.name=stargateway -Dfile.encoding=UTF-8 com.stargateway.StargatewayApplication --spring.output.ansi.enabled=always

Host: AMD Ryzen 3 3250U with Radeon Graphics         , 4 cores, 9G,  Windows 10 , 64 bit Build 19041 (10.0.19041.1566)
Time: Sat Apr  2 20:28:52 2022 India Standard Time elapsed time: 6552.165908 seconds (0d 1h 49m 12s)

---------------  T H R E A D  ---------------

Current thread (0x000001c40bbac800):  JavaThread "http-nio-8080-exec-7" daemon [_thread_in_Java, id=10048, stack(0x0000003d49500000,0x0000003d49600000)]

Stack: [0x0000003d49500000,0x0000003d49600000],  sp=0x0000003d495fb7d8,  free space=1005k
Native frames: (J=compiled Java code, j=interpreted, Vv=VM code, C=native code)
C  0x000001c46fe262fa


siginfo: EXCEPTION_ACCESS_VIOLATION (0xc0000005), reading address 0x000001c40bfac908


Register to memory mapping:

RIP=0x000001c46fe262fa is at entry_point+1114 in (nmethod*)0x000001c46fe25c10
RAX=0x0000000000400001 is an unknown value
RBX=0x00000007704dee50 is an oop: org.springframework.asm.Frame 
{0x00000007704dee50} - klass: 'org/springframework/asm/Frame'
RCX=0x0000000762a7d2d8 is an oop: java.lang.String 
{0x0000000762a7d2d8} - klass: 'java/lang/String'
RDX=0x00000007704dcbf0 is an oop: org.springframework.asm.SymbolTable 
{0x00000007704dcbf0} - klass: 'org/springframework/asm/SymbolTable'
RSP=0x0000003d495fb7d8 is pointing into the stack for thread: 0x000001c40bbac800
RBP=0x0000003d495fbc48 is pointing into the stack for thread: 0x000001c40bbac800
RSI=0x0000000000000049 is an unknown value
RDI=0x0000000000000002 is an unknown value
R8 =0x0000000762a7d2d8 is an oop: java.lang.String 
{0x0000000762a7d2d8} - klass: 'java/lang/String'
R9 =0x0000000000000002 is an unknown value
R10=0x000001c464d11000 points into unknown readable memory: 0x0000000000000000 | 00 00 00 00 00 00 00 00
R11=0x0000000000000017 is an unknown value
R12=0x0 is NULL
R13=0x00000007704dcc30 is an oop: [Lorg.springframework.asm.SymbolTable$Entry; 
{0x00000007704dcc30} - klass: 'org/springframework/asm/SymbolTable$Entry'[]
 - length: 256
R14=0x0000000000000100 is an unknown value
R15=0x000001c40bbac800 is a thread


Registers:
RAX=0x0000000000400001, RBX=0x00000007704dee50, RCX=0x0000000762a7d2d8, RDX=0x00000007704dcbf0
RSP=0x0000003d495fb7d8, RBP=0x0000003d495fbc48, RSI=0x0000000000000049, RDI=0x0000000000000002
R8 =0x0000000762a7d2d8, R9 =0x0000000000000002, R10=0x000001c464d11000, R11=0x0000000000000017
R12=0x0000000000000000, R13=0x00000007704dcc30, R14=0x0000000000000100, R15=0x000001c40bbac800
RIP=0x000001c46fe262fa, EFLAGS=0x0000000000010202

Top of Stack: (sp=0x0000003d495fb7d8)
0x0000003d495fb7d8:   000001c47017789c 0000003d495fbc48
0x0000003d495fb7e8:   000001c470188904 0000000762a7d2d8
0x0000003d495fb7f8:   0000000000007704 0000003d495fbc48
0x0000003d495fb808:   000001c46fe1e7b4 00000007704e0a50
0x0000003d495fb818:   00000007704dcbf0 0000003d00009b69
0x0000003d495fb828:   00000007704e0a18 0000003d00000015
0x0000003d495fb838:   00000007704e04b8 0000003d495fbc48
0x0000003d495fb848:   000001c4701bfdbc 0000000000000000
0x0000003d495fb858:   000001c46fe26374 0000003d495fbc48
0x0000003d495fb868:   0000000762a7d2d8 00000007704dcbf0
0x0000003d495fb878:   00000007704dee50 0000000762a7d2d8
0x0000003d495fb888:   00000007704def88 0000003d495fbdd0
0x0000003d495fb898:   000001c46fc92ceb 0000003d495fbc48
0x0000003d495fb8a8:   000001c46fe0c374 0000003d495fbdd0
0x0000003d495fb8b8:   000001c46fe1e7b4 00000007704e03d8
0x0000003d495fb8c8:   00000007704dd040 00000007704e0120 

Instructions: (pc=0x000001c46fe262fa)
0x000001c46fe261fa:   00 00 00 41 8b 48 0c 48 c1 e1 03 4c 8b ca 41 ff
0x000001c46fe2620a:   c1 8b 79 0c 41 0f be 48 14 c1 e1 18 c1 f9 18 d3
0x000001c46fe2621a:   ff ff cf 49 8b d8 4d 8b c1 4c 8b cf 89 94 24 8c
0x000001c46fe2622a:   00 00 00 48 8b d3 0f 1f 80 00 00 00 00 e8 44 e0
0x000001c46fe2623a:   b3 ff 48 8b 94 24 a0 00 00 00 48 3b 02 4c 8b c0
0x000001c46fe2624a:   0f 1f 44 00 00 e8 4c ce ff ff 81 c8 00 00 80 00
0x000001c46fe2625a:   48 8b f0 e9 61 00 00 00 89 94 24 8c 00 00 00 be
0x000001c46fe2626a:   04 00 40 00 e9 50 00 00 00 89 94 24 8c 00 00 00
0x000001c46fe2627a:   be 01 00 40 00 e9 3f 00 00 00 89 94 24 8c 00 00
0x000001c46fe2628a:   00 be 02 00 40 00 e9 2e 00 00 00 89 94 24 8c 00
0x000001c46fe2629a:   00 00 be 03 00 40 00 e9 1d 00 00 00 89 94 24 8c
0x000001c46fe262aa:   00 00 00 be 0b 00 40 00 e9 0c 00 00 00 89 94 24
0x000001c46fe262ba:   8c 00 00 00 be 0a 00 40 00 8b 94 24 8c 00 00 00
0x000001c46fe262ca:   2b 94 24 88 00 00 00 c1 e2 1a 48 0b d6 48 8b c2
0x000001c46fe262da:   48 81 c4 f0 00 00 00 5d 4d 8b 97 08 01 00 00 41
0x000001c46fe262ea:   85 02 c3 b8 01 00 40 00 48 81 c4 f0 00 00 00 5d
0x000001c46fe262fa:   4d 8b 97 08 01 40 00 41 85 02 c3 b8 00 00 00 00
0x000001c46fe2630a:   48 81 c4 f0 00 00 00 5d 4d 8b 97 08 01 00 00 41
0x000001c46fe2631a:   85 02 c3 48 8b 9c 24 98 00 00 00 8b 4b 0c 48 c1
0x000001c46fe2632a:   e1 03 44 8b 8c 24 88 00 00 00 41 ff c1 44 8b 41
0x000001c46fe2633a:   0c 0f be 4b 14 c1 e1 18 c1 f9 18 41 d3 f8 49 8b
0x000001c46fe2634a:   f0 ff ce 4d 8b c1 4c 8b ce 48 8b d3 90 e8 24 df
0x000001c46fe2635a:   b3 ff 48 8b 94 24 a0 00 00 00 48 3b 02 4c 8b c0
0x000001c46fe2636a:   0f 1f 44 00 00 e8 2c cd ff ff 81 c8 00 00 80 00
0x000001c46fe2637a:   48 81 c4 f0 00 00 00 5d 4d 8b 97 08 01 00 00 41
0x000001c46fe2638a:   85 02 c3 b8 04 00 40 00 48 81 c4 f0 00 00 00 5d
0x000001c46fe2639a:   4d 8b 97 08 01 00 00 41 85 02 c3 b8 02 00 40 00
0x000001c46fe263aa:   48 81 c4 f0 00 00 00 5d 4d 8b 97 08 01 00 00 41
0x000001c46fe263ba:   85 02 c3 b8 03 00 40 00 48 81 c4 f0 00 00 00 5d
0x000001c46fe263ca:   4d 8b 97 08 01 00 00 41 85 02 c3 66 66 90 e9 1e
0x000001c46fe263da:   02 00 00 00 00 00 00 00 49 8b 87 18 01 00 00 48
0x000001c46fe263ea:   8d 78 28 49 3b bf 28 01 00 00 0f 87 0b 02 00 00 


Stack slot to memory mapping:
stack at sp + 0 slots: 0x000001c47017789c is at entry_point+284 in (nmethod*)0x000001c470177590
stack at sp + 1 slots: 0x0000003d495fbc48 is pointing into the stack for thread: 0x000001c40bbac800
stack at sp + 2 slots: 0x000001c470188904 is at entry_point+356 in (nmethod*)0x000001c470188590
stack at sp + 3 slots: 0x0000000762a7d2d8 is an oop: java.lang.String 
{0x0000000762a7d2d8} - klass: 'java/lang/String'
stack at sp + 4 slots: 0x0000000000007704 is an unknown value
stack at sp + 5 slots: 0x0000003d495fbc48 is pointing into the stack for thread: 0x000001c40bbac800
stack at sp + 6 slots: 0x000001c46fe1e7b4 is at entry_point+372 in (nmethod*)0x000001c46fe1e490
stack at sp + 7 slots: 0x00000007704e0a50 is an oop: org.springframework.asm.SymbolTable$Entry 
{0x00000007704e0a50} - klass: 'org/springframework/asm/SymbolTable$Entry'



---------------  P R O C E S S  ---------------

Threads class SMR info:
_java_thread_list=0x000001c40b7e1d00, length=31, elements={
0x000001c406f22800, 0x000001c47f6c8000, 0x000001c406f6c800, 0x000001c406f6d800,
0x000001c406f70000, 0x000001c406f74000, 0x000001c406f79000, 0x000001c4070bb000,
0x000001c407148800, 0x000001c407b5d800, 0x000001c407b5e000, 0x000001c4094bd800,
0x000001c4094be000, 0x000001c4094bf000, 0x000001c40958e000, 0x000001c40971f000,
0x000001c409720800, 0x000001c409721800, 0x000001c409723000, 0x000001c409720000,
0x000001c40971e800, 0x000001c409724000, 0x000001c409725000, 0x000001c40bbaa000,
0x000001c40bbac800, 0x000001c40bbaf000, 0x000001c40bbad800, 0x000001c40bbab000,
0x000001c40bbae000, 0x000001c40bbab800, 0x000001c40bba9800
}

Java Threads: ( => current thread )
  0x000001c406f22800 JavaThread "Reference Handler" daemon [_thread_blocked, id=10364, stack(0x0000003d47400000,0x0000003d47500000)]
  0x000001c47f6c8000 JavaThread "Finalizer" daemon [_thread_blocked, id=3972, stack(0x0000003d47500000,0x0000003d47600000)]
  0x000001c406f6c800 JavaThread "Signal Dispatcher" daemon [_thread_blocked, id=1276, stack(0x0000003d47600000,0x0000003d47700000)]
  0x000001c406f6d800 JavaThread "Attach Listener" daemon [_thread_blocked, id=14756, stack(0x0000003d47700000,0x0000003d47800000)]
  0x000001c406f70000 JavaThread "Service Thread" daemon [_thread_blocked, id=10760, stack(0x0000003d47800000,0x0000003d47900000)]
  0x000001c406f74000 JavaThread "C1 CompilerThread0" daemon [_thread_blocked, id=12488, stack(0x0000003d47900000,0x0000003d47a00000)]
  0x000001c406f79000 JavaThread "Sweeper thread" daemon [_thread_blocked, id=5400, stack(0x0000003d47a00000,0x0000003d47b00000)]
  0x000001c4070bb000 JavaThread "Common-Cleaner" daemon [_thread_blocked, id=1380, stack(0x0000003d47b00000,0x0000003d47c00000)]
  0x000001c407148800 JavaThread "RMI TCP Accept-0" daemon [_thread_in_native, id=14360, stack(0x0000003d47c00000,0x0000003d47d00000)]
  0x000001c407b5d800 JavaThread "RMI TCP Accept-55599" daemon [_thread_in_native, id=10580, stack(0x0000003d47d00000,0x0000003d47e00000)]
  0x000001c407b5e000 JavaThread "RMI TCP Accept-0" daemon [_thread_in_native, id=13572, stack(0x0000003d47e00000,0x0000003d47f00000)]
  0x000001c4094bd800 JavaThread "Catalina-utility-1" [_thread_blocked, id=6308, stack(0x0000003d48500000,0x0000003d48600000)]
  0x000001c4094be000 JavaThread "Catalina-utility-2" [_thread_blocked, id=1216, stack(0x0000003d48700000,0x0000003d48800000)]
  0x000001c4094bf000 JavaThread "container-0" [_thread_blocked, id=2844, stack(0x0000003d48800000,0x0000003d48900000)]
  0x000001c40958e000 JavaThread "mysql-cj-abandoned-connection-cleanup" daemon [_thread_blocked, id=8452, stack(0x0000003d48900000,0x0000003d48a00000)]
  0x000001c40971f000 JavaThread "HikariPool-1 housekeeper" daemon [_thread_blocked, id=13812, stack(0x0000003d48b00000,0x0000003d48c00000)]
  0x000001c409720800 JavaThread "File Watcher" daemon [_thread_blocked, id=9592, stack(0x0000003d48d00000,0x0000003d48e00000)]
  0x000001c409721800 JavaThread "Live Reload Server" daemon [_thread_in_native, id=12460, stack(0x0000003d48f00000,0x0000003d49000000)]
  0x000001c409723000 JavaThread "http-nio-8080-exec-1" daemon [_thread_blocked, id=6200, stack(0x0000003d48e00000,0x0000003d48f00000)]
  0x000001c409720000 JavaThread "http-nio-8080-exec-2" daemon [_thread_blocked, id=11956, stack(0x0000003d49000000,0x0000003d49100000)]
  0x000001c40971e800 JavaThread "http-nio-8080-exec-3" daemon [_thread_blocked, id=13388, stack(0x0000003d49100000,0x0000003d49200000)]
  0x000001c409724000 JavaThread "http-nio-8080-exec-4" daemon [_thread_blocked, id=13624, stack(0x0000003d49200000,0x0000003d49300000)]
  0x000001c409725000 JavaThread "http-nio-8080-exec-5" daemon [_thread_blocked, id=2356, stack(0x0000003d49300000,0x0000003d49400000)]
  0x000001c40bbaa000 JavaThread "http-nio-8080-exec-6" daemon [_thread_blocked, id=5384, stack(0x0000003d49400000,0x0000003d49500000)]
=>0x000001c40bbac800 JavaThread "http-nio-8080-exec-7" daemon [_thread_in_Java, id=10048, stack(0x0000003d49500000,0x0000003d49600000)]
  0x000001c40bbaf000 JavaThread "http-nio-8080-exec-8" daemon [_thread_blocked, id=9392, stack(0x0000003d49600000,0x0000003d49700000)]
  0x000001c40bbad800 JavaThread "http-nio-8080-exec-9" daemon [_thread_blocked, id=3504, stack(0x0000003d49700000,0x0000003d49800000)]
  0x000001c40bbab000 JavaThread "http-nio-8080-exec-10" daemon [_thread_blocked, id=10476, stack(0x0000003d49800000,0x0000003d49900000)]
  0x000001c40bbae000 JavaThread "http-nio-8080-Poller" daemon [_thread_in_native, id=11148, stack(0x0000003d49900000,0x0000003d49a00000)]
  0x000001c40bbab800 JavaThread "http-nio-8080-Acceptor" daemon [_thread_in_native, id=15000, stack(0x0000003d49a00000,0x0000003d49b00000)]
  0x000001c40bba9800 JavaThread "DestroyJavaVM" [_thread_blocked, id=10444, stack(0x0000003d46d00000,0x0000003d46e00000)]

Other Threads:
  0x000001c47f699000 VMThread "VM Thread" [stack: 0x0000003d47300000,0x0000003d47400000] [id=11488]
  0x000001c407bc8000 WatcherThread [stack: 0x0000003d47f00000,0x0000003d48000000] [id=7268]
  0x000001c466ba3800 GCTaskThread "GC Thread#0" [stack: 0x0000003d46e00000,0x0000003d46f00000] [id=12924]
  0x000001c407bd8800 GCTaskThread "GC Thread#1" [stack: 0x0000003d48000000,0x0000003d48100000] [id=12608]
  0x000001c407bd9800 GCTaskThread "GC Thread#2" [stack: 0x0000003d48100000,0x0000003d48200000] [id=14860]
  0x000001c408965800 GCTaskThread "GC Thread#3" [stack: 0x0000003d48600000,0x0000003d48700000] [id=13588]
  0x000001c466bdd000 ConcurrentGCThread "G1 Main Marker" [stack: 0x0000003d46f00000,0x0000003d47000000] [id=14536]
  0x000001c466be1000 ConcurrentGCThread "G1 Conc#0" [stack: 0x0000003d47000000,0x0000003d47100000] [id=8496]
  0x000001c466c5e000 ConcurrentGCThread "G1 Refine#0" [stack: 0x0000003d47100000,0x0000003d47200000] [id=14196]
  0x000001c407258000 ConcurrentGCThread "G1 Refine#1" [stack: 0x0000003d48200000,0x0000003d48300000] [id=13612]
  0x000001c47f502000 ConcurrentGCThread "G1 Young RemSet Sampling" [stack: 0x0000003d47200000,0x0000003d47300000] [id=13920]

Threads with active compile tasks:

VM state:not at safepoint (normal execution)

VM Mutex/Monitor currently owned by a thread: None

Heap address: 0x0000000761e00000, size: 2530 MB, Compressed Oops mode: Zero based, Oop shift amount: 3
Narrow klass base: 0x0000000800000000, Narrow klass shift: 0
Compressed class space size: 1073741824 Address: 0x0000000800000000

Heap:
 garbage-first heap   total 236544K, used 32337K [0x0000000761e00000, 0x0000000800000000)
  region size 1024K, 10 young (10240K), 9 survivors (9216K)
 Metaspace       used 75100K, capacity 77419K, committed 77744K, reserved 1116160K
  class space    used 10007K, capacity 10903K, committed 11008K, reserved 1048576K
Heap Regions: E=young(eden), S=young(survivor), O=old, HS=humongous(starts), HC=humongous(continues), CS=collection set, F=free, A=archive, TAMS=top-at-mark-start (previous, next)
|   0|0x0000000761e00000, 0x0000000761f00000, 0x0000000761f00000|100%|HS|  |TAMS 0x0000000761f00000, 0x0000000761e00000| Complete 
|   1|0x0000000761f00000, 0x0000000762000000, 0x0000000762000000|100%| O|  |TAMS 0x0000000762000000, 0x0000000761f00000| Untracked 
|   2|0x0000000762000000, 0x0000000762100000, 0x0000000762100000|100%| O|  |TAMS 0x0000000762100000, 0x0000000762000000| Untracked 
|   3|0x0000000762100000, 0x0000000762200000, 0x0000000762200000|100%| O|  |TAMS 0x0000000762200000, 0x0000000762100000| Untracked 
|   4|0x0000000762200000, 0x0000000762300000, 0x0000000762300000|100%| O|  |TAMS 0x0000000762300000, 0x0000000762200000| Untracked 
|   5|0x0000000762300000, 0x0000000762400000, 0x0000000762400000|100%| O|  |TAMS 0x0000000762400000, 0x0000000762300000| Untracked 
|   6|0x0000000762400000, 0x0000000762500000, 0x0000000762500000|100%| O|  |TAMS 0x0000000762500000, 0x0000000762400000| Untracked 
|   7|0x0000000762500000, 0x0000000762600000, 0x0000000762600000|100%| O|  |TAMS 0x0000000762600000, 0x0000000762500000| Untracked 
|   8|0x0000000762600000, 0x0000000762700000, 0x0000000762700000|100%| O|  |TAMS 0x0000000762700000, 0x0000000762600000| Untracked 
|   9|0x0000000762700000, 0x0000000762800000, 0x0000000762800000|100%| O|  |TAMS 0x0000000762800000, 0x0000000762700000| Untracked 
|  10|0x0000000762800000, 0x0000000762900000, 0x0000000762900000|100%| O|  |TAMS 0x0000000762900000, 0x0000000762800000| Untracked 
|  11|0x0000000762900000, 0x0000000762a00000, 0x0000000762a00000|100%| O|  |TAMS 0x0000000762a00000, 0x0000000762900000| Untracked 
|  12|0x0000000762a00000, 0x0000000762b00000, 0x0000000762b00000|100%| O|  |TAMS 0x0000000762b00000, 0x0000000762a00000| Untracked 
|  13|0x0000000762b00000, 0x0000000762c00000, 0x0000000762c00000|100%| O|  |TAMS 0x0000000762c00000, 0x0000000762b00000| Untracked 
|  14|0x0000000762c00000, 0x0000000762d00000, 0x0000000762d00000|100%| O|  |TAMS 0x0000000762d00000, 0x0000000762c00000| Untracked 
|  15|0x0000000762d00000, 0x0000000762e00000, 0x0000000762e00000|100%| O|  |TAMS 0x0000000762e00000, 0x0000000762d00000| Untracked 
|  16|0x0000000762e00000, 0x0000000762f00000, 0x0000000762f00000|100%| O|  |TAMS 0x0000000762edd000, 0x0000000762e00000| Untracked 
|  17|0x0000000762f00000, 0x0000000763000000, 0x0000000763000000|100%| O|  |TAMS 0x0000000762f00000, 0x0000000762f00000| Untracked 
|  18|0x0000000763000000, 0x0000000763100000, 0x0000000763100000|100%| O|  |TAMS 0x0000000763000000, 0x0000000763000000| Untracked 
|  19|0x0000000763100000, 0x0000000763200000, 0x0000000763200000|100%| O|  |TAMS 0x0000000763100000, 0x0000000763100000| Untracked 
|  20|0x0000000763200000, 0x0000000763300000, 0x0000000763300000|100%| O|  |TAMS 0x0000000763200000, 0x0000000763200000| Untracked 
|  21|0x0000000763300000, 0x0000000763400000, 0x0000000763400000|100%| O|  |TAMS 0x0000000763300000, 0x0000000763300000| Untracked 
|  22|0x0000000763400000, 0x00000007634d2200, 0x0000000763500000| 82%| O|  |TAMS 0x0000000763400000, 0x0000000763400000| Untracked 
|  23|0x0000000763500000, 0x0000000763500000, 0x0000000763600000|  0%| F|  |TAMS 0x0000000763500000, 0x0000000763500000| Untracked 
|  24|0x0000000763600000, 0x0000000763600000, 0x0000000763700000|  0%| F|  |TAMS 0x0000000763600000, 0x0000000763600000| Untracked 
|  25|0x0000000763700000, 0x0000000763700000, 0x0000000763800000|  0%| F|  |TAMS 0x0000000763700000, 0x0000000763700000| Untracked 
|  26|0x0000000763800000, 0x0000000763800000, 0x0000000763900000|  0%| F|  |TAMS 0x0000000763800000, 0x0000000763800000| Untracked 
|  27|0x0000000763900000, 0x0000000763900000, 0x0000000763a00000|  0%| F|  |TAMS 0x0000000763900000, 0x0000000763900000| Untracked 
|  28|0x0000000763a00000, 0x0000000763a00000, 0x0000000763b00000|  0%| F|  |TAMS 0x0000000763a00000, 0x0000000763a00000| Untracked 
|  29|0x0000000763b00000, 0x0000000763b00000, 0x0000000763c00000|  0%| F|  |TAMS 0x0000000763b00000, 0x0000000763b00000| Untracked 
|  30|0x0000000763c00000, 0x0000000763c00000, 0x0000000763d00000|  0%| F|  |TAMS 0x0000000763c00000, 0x0000000763c00000| Untracked 
|  31|0x0000000763d00000, 0x0000000763d00000, 0x0000000763e00000|  0%| F|  |TAMS 0x0000000763d00000, 0x0000000763d00000| Untracked 
|  32|0x0000000763e00000, 0x0000000763e00000, 0x0000000763f00000|  0%| F|  |TAMS 0x0000000763e00000, 0x0000000763e00000| Untracked 
|  33|0x0000000763f00000, 0x0000000763f00000, 0x0000000764000000|  0%| F|  |TAMS 0x0000000763f00000, 0x0000000763f00000| Untracked 
|  34|0x0000000764000000, 0x0000000764000000, 0x0000000764100000|  0%| F|  |TAMS 0x0000000764000000, 0x0000000764000000| Untracked 
|  35|0x0000000764100000, 0x0000000764100000, 0x0000000764200000|  0%| F|  |TAMS 0x0000000764100000, 0x0000000764100000| Untracked 
|  36|0x0000000764200000, 0x0000000764200000, 0x0000000764300000|  0%| F|  |TAMS 0x0000000764200000, 0x0000000764200000| Untracked 
|  37|0x0000000764300000, 0x0000000764300000, 0x0000000764400000|  0%| F|  |TAMS 0x0000000764300000, 0x0000000764300000| Untracked 
|  38|0x0000000764400000, 0x0000000764400000, 0x0000000764500000|  0%| F|  |TAMS 0x0000000764400000, 0x0000000764400000| Untracked 
|  39|0x0000000764500000, 0x0000000764500000, 0x0000000764600000|  0%| F|  |TAMS 0x0000000764500000, 0x0000000764500000| Untracked 
|  40|0x0000000764600000, 0x0000000764600000, 0x0000000764700000|  0%| F|  |TAMS 0x0000000764600000, 0x0000000764600000| Untracked 
|  41|0x0000000764700000, 0x0000000764700000, 0x0000000764800000|  0%| F|  |TAMS 0x0000000764700000, 0x0000000764700000| Untracked 
|  42|0x0000000764800000, 0x0000000764800000, 0x0000000764900000|  0%| F|  |TAMS 0x0000000764800000, 0x0000000764800000| Untracked 
|  43|0x0000000764900000, 0x0000000764900000, 0x0000000764a00000|  0%| F|  |TAMS 0x0000000764900000, 0x0000000764900000| Untracked 
|  44|0x0000000764a00000, 0x0000000764a00000, 0x0000000764b00000|  0%| F|  |TAMS 0x0000000764a00000, 0x0000000764a00000| Untracked 
|  45|0x0000000764b00000, 0x0000000764b00000, 0x0000000764c00000|  0%| F|  |TAMS 0x0000000764b00000, 0x0000000764b00000| Untracked 
|  46|0x0000000764c00000, 0x0000000764c00000, 0x0000000764d00000|  0%| F|  |TAMS 0x0000000764c00000, 0x0000000764c00000| Untracked 
|  47|0x0000000764d00000, 0x0000000764d00000, 0x0000000764e00000|  0%| F|  |TAMS 0x0000000764d00000, 0x0000000764d00000| Untracked 
|  48|0x0000000764e00000, 0x0000000764e00000, 0x0000000764f00000|  0%| F|  |TAMS 0x0000000764e00000, 0x0000000764e00000| Untracked 
|  49|0x0000000764f00000, 0x0000000764f00000, 0x0000000765000000|  0%| F|  |TAMS 0x0000000764f00000, 0x0000000764f00000| Untracked 
|  50|0x0000000765000000, 0x0000000765000000, 0x0000000765100000|  0%| F|  |TAMS 0x0000000765000000, 0x0000000765000000| Untracked 
|  51|0x0000000765100000, 0x0000000765100000, 0x0000000765200000|  0%| F|  |TAMS 0x0000000765100000, 0x0000000765100000| Untracked 
|  52|0x0000000765200000, 0x0000000765200000, 0x0000000765300000|  0%| F|  |TAMS 0x0000000765200000, 0x0000000765200000| Untracked 
|  53|0x0000000765300000, 0x0000000765300000, 0x0000000765400000|  0%| F|  |TAMS 0x0000000765300000, 0x0000000765300000| Untracked 
|  54|0x0000000765400000, 0x0000000765400000, 0x0000000765500000|  0%| F|  |TAMS 0x0000000765400000, 0x0000000765400000| Untracked 
|  55|0x0000000765500000, 0x0000000765500000, 0x0000000765600000|  0%| F|  |TAMS 0x0000000765500000, 0x0000000765500000| Untracked 
|  56|0x0000000765600000, 0x0000000765600000, 0x0000000765700000|  0%| F|  |TAMS 0x0000000765600000, 0x0000000765600000| Untracked 
|  57|0x0000000765700000, 0x0000000765700000, 0x0000000765800000|  0%| F|  |TAMS 0x0000000765700000, 0x0000000765700000| Untracked 
|  58|0x0000000765800000, 0x0000000765800000, 0x0000000765900000|  0%| F|  |TAMS 0x0000000765800000, 0x0000000765800000| Untracked 
|  59|0x0000000765900000, 0x0000000765900000, 0x0000000765a00000|  0%| F|  |TAMS 0x0000000765900000, 0x0000000765900000| Untracked 
|  60|0x0000000765a00000, 0x0000000765a00000, 0x0000000765b00000|  0%| F|  |TAMS 0x0000000765a00000, 0x0000000765a00000| Untracked 
|  61|0x0000000765b00000, 0x0000000765b00000, 0x0000000765c00000|  0%| F|  |TAMS 0x0000000765b00000, 0x0000000765b00000| Untracked 
|  62|0x0000000765c00000, 0x0000000765c00000, 0x0000000765d00000|  0%| F|  |TAMS 0x0000000765c00000, 0x0000000765c00000| Untracked 
|  63|0x0000000765d00000, 0x0000000765d00000, 0x0000000765e00000|  0%| F|  |TAMS 0x0000000765d00000, 0x0000000765d00000| Untracked 
|  64|0x0000000765e00000, 0x0000000765e00000, 0x0000000765f00000|  0%| F|  |TAMS 0x0000000765e00000, 0x0000000765e00000| Untracked 
|  65|0x0000000765f00000, 0x0000000765f00000, 0x0000000766000000|  0%| F|  |TAMS 0x0000000765f00000, 0x0000000765f00000| Untracked 
|  66|0x0000000766000000, 0x0000000766000000, 0x0000000766100000|  0%| F|  |TAMS 0x0000000766000000, 0x0000000766000000| Untracked 
|  67|0x0000000766100000, 0x0000000766100000, 0x0000000766200000|  0%| F|  |TAMS 0x0000000766100000, 0x0000000766100000| Untracked 
|  68|0x0000000766200000, 0x0000000766200000, 0x0000000766300000|  0%| F|  |TAMS 0x0000000766200000, 0x0000000766200000| Untracked 
|  69|0x0000000766300000, 0x0000000766300000, 0x0000000766400000|  0%| F|  |TAMS 0x0000000766300000, 0x0000000766300000| Untracked 
|  70|0x0000000766400000, 0x0000000766400000, 0x0000000766500000|  0%| F|  |TAMS 0x0000000766400000, 0x0000000766400000| Untracked 
|  71|0x0000000766500000, 0x0000000766500000, 0x0000000766600000|  0%| F|  |TAMS 0x0000000766500000, 0x0000000766500000| Untracked 
|  72|0x0000000766600000, 0x0000000766600000, 0x0000000766700000|  0%| F|  |TAMS 0x0000000766600000, 0x0000000766600000| Untracked 
|  73|0x0000000766700000, 0x0000000766700000, 0x0000000766800000|  0%| F|  |TAMS 0x0000000766700000, 0x0000000766700000| Untracked 
|  74|0x0000000766800000, 0x0000000766800000, 0x0000000766900000|  0%| F|  |TAMS 0x0000000766800000, 0x0000000766800000| Untracked 
|  75|0x0000000766900000, 0x0000000766900000, 0x0000000766a00000|  0%| F|  |TAMS 0x0000000766900000, 0x0000000766900000| Untracked 
|  76|0x0000000766a00000, 0x0000000766a00000, 0x0000000766b00000|  0%| F|  |TAMS 0x0000000766a00000, 0x0000000766a00000| Untracked 
|  77|0x0000000766b00000, 0x0000000766b00000, 0x0000000766c00000|  0%| F|  |TAMS 0x0000000766b00000, 0x0000000766b00000| Untracked 
|  78|0x0000000766c00000, 0x0000000766c00000, 0x0000000766d00000|  0%| F|  |TAMS 0x0000000766c00000, 0x0000000766c00000| Untracked 
|  79|0x0000000766d00000, 0x0000000766d00000, 0x0000000766e00000|  0%| F|  |TAMS 0x0000000766d00000, 0x0000000766d00000| Untracked 
|  80|0x0000000766e00000, 0x0000000766e00000, 0x0000000766f00000|  0%| F|  |TAMS 0x0000000766e00000, 0x0000000766e00000| Untracked 
|  81|0x0000000766f00000, 0x0000000766f00000, 0x0000000767000000|  0%| F|  |TAMS 0x0000000766f00000, 0x0000000766f00000| Untracked 
|  82|0x0000000767000000, 0x0000000767000000, 0x0000000767100000|  0%| F|  |TAMS 0x0000000767000000, 0x0000000767000000| Untracked 
|  83|0x0000000767100000, 0x0000000767100000, 0x0000000767200000|  0%| F|  |TAMS 0x0000000767100000, 0x0000000767100000| Untracked 
|  84|0x0000000767200000, 0x0000000767200000, 0x0000000767300000|  0%| F|  |TAMS 0x0000000767200000, 0x0000000767200000| Untracked 
|  85|0x0000000767300000, 0x00000007673c2330, 0x0000000767400000| 75%| S|CS|TAMS 0x0000000767300000, 0x0000000767300000| Complete 
|  86|0x0000000767400000, 0x0000000767500000, 0x0000000767500000|100%| S|CS|TAMS 0x0000000767400000, 0x0000000767400000| Complete 
|  87|0x0000000767500000, 0x0000000767600000, 0x0000000767600000|100%| S|CS|TAMS 0x0000000767500000, 0x0000000767500000| Complete 
|  88|0x0000000767600000, 0x0000000767700000, 0x0000000767700000|100%| S|CS|TAMS 0x0000000767600000, 0x0000000767600000| Complete 
|  89|0x0000000767700000, 0x0000000767800000, 0x0000000767800000|100%| S|CS|TAMS 0x0000000767700000, 0x0000000767700000| Complete 
|  90|0x0000000767800000, 0x0000000767900000, 0x0000000767900000|100%| S|CS|TAMS 0x0000000767800000, 0x0000000767800000| Complete 
|  91|0x0000000767900000, 0x0000000767a00000, 0x0000000767a00000|100%| S|CS|TAMS 0x0000000767900000, 0x0000000767900000| Complete 
|  92|0x0000000767a00000, 0x0000000767b00000, 0x0000000767b00000|100%| S|CS|TAMS 0x0000000767a00000, 0x0000000767a00000| Complete 
|  93|0x0000000767b00000, 0x0000000767c00000, 0x0000000767c00000|100%| S|CS|TAMS 0x0000000767b00000, 0x0000000767b00000| Complete 
|  94|0x0000000767c00000, 0x0000000767c00000, 0x0000000767d00000|  0%| F|  |TAMS 0x0000000767c00000, 0x0000000767c00000| Untracked 
|  95|0x0000000767d00000, 0x0000000767d00000, 0x0000000767e00000|  0%| F|  |TAMS 0x0000000767d00000, 0x0000000767d00000| Untracked 
|  96|0x0000000767e00000, 0x0000000767e00000, 0x0000000767f00000|  0%| F|  |TAMS 0x0000000767e00000, 0x0000000767e00000| Untracked 
|  97|0x0000000767f00000, 0x0000000767f00000, 0x0000000768000000|  0%| F|  |TAMS 0x0000000767f00000, 0x0000000767f00000| Untracked 
|  98|0x0000000768000000, 0x0000000768000000, 0x0000000768100000|  0%| F|  |TAMS 0x0000000768000000, 0x0000000768000000| Untracked 
|  99|0x0000000768100000, 0x0000000768100000, 0x0000000768200000|  0%| F|  |TAMS 0x0000000768100000, 0x0000000768100000| Untracked 
| 100|0x0000000768200000, 0x0000000768200000, 0x0000000768300000|  0%| F|  |TAMS 0x0000000768200000, 0x0000000768200000| Untracked 
| 101|0x0000000768300000, 0x0000000768300000, 0x0000000768400000|  0%| F|  |TAMS 0x0000000768300000, 0x0000000768300000| Untracked 
| 102|0x0000000768400000, 0x0000000768400000, 0x0000000768500000|  0%| F|  |TAMS 0x0000000768400000, 0x0000000768400000| Untracked 
| 103|0x0000000768500000, 0x0000000768500000, 0x0000000768600000|  0%| F|  |TAMS 0x0000000768500000, 0x0000000768500000| Untracked 
| 104|0x0000000768600000, 0x0000000768600000, 0x0000000768700000|  0%| F|  |TAMS 0x0000000768600000, 0x0000000768600000| Untracked 
| 105|0x0000000768700000, 0x0000000768700000, 0x0000000768800000|  0%| F|  |TAMS 0x0000000768700000, 0x0000000768700000| Untracked 
| 106|0x0000000768800000, 0x0000000768800000, 0x0000000768900000|  0%| F|  |TAMS 0x0000000768800000, 0x0000000768800000| Untracked 
| 107|0x0000000768900000, 0x0000000768900000, 0x0000000768a00000|  0%| F|  |TAMS 0x0000000768900000, 0x0000000768900000| Untracked 
| 108|0x0000000768a00000, 0x0000000768a00000, 0x0000000768b00000|  0%| F|  |TAMS 0x0000000768a00000, 0x0000000768a00000| Untracked 
| 109|0x0000000768b00000, 0x0000000768b00000, 0x0000000768c00000|  0%| F|  |TAMS 0x0000000768b00000, 0x0000000768b00000| Untracked 
| 110|0x0000000768c00000, 0x0000000768c00000, 0x0000000768d00000|  0%| F|  |TAMS 0x0000000768c00000, 0x0000000768c00000| Untracked 
| 111|0x0000000768d00000, 0x0000000768d00000, 0x0000000768e00000|  0%| F|  |TAMS 0x0000000768d00000, 0x0000000768d00000| Untracked 
| 112|0x0000000768e00000, 0x0000000768e00000, 0x0000000768f00000|  0%| F|  |TAMS 0x0000000768e00000, 0x0000000768e00000| Untracked 
| 113|0x0000000768f00000, 0x0000000768f00000, 0x0000000769000000|  0%| F|  |TAMS 0x0000000768f00000, 0x0000000768f00000| Untracked 
| 114|0x0000000769000000, 0x0000000769000000, 0x0000000769100000|  0%| F|  |TAMS 0x0000000769000000, 0x0000000769000000| Untracked 
| 115|0x0000000769100000, 0x0000000769100000, 0x0000000769200000|  0%| F|  |TAMS 0x0000000769100000, 0x0000000769100000| Untracked 
| 116|0x0000000769200000, 0x0000000769200000, 0x0000000769300000|  0%| F|  |TAMS 0x0000000769200000, 0x0000000769200000| Untracked 
| 117|0x0000000769300000, 0x0000000769300000, 0x0000000769400000|  0%| F|  |TAMS 0x0000000769300000, 0x0000000769300000| Untracked 
| 118|0x0000000769400000, 0x0000000769400000, 0x0000000769500000|  0%| F|  |TAMS 0x0000000769400000, 0x0000000769400000| Untracked 
| 119|0x0000000769500000, 0x0000000769500000, 0x0000000769600000|  0%| F|  |TAMS 0x0000000769500000, 0x0000000769500000| Untracked 
| 120|0x0000000769600000, 0x0000000769600000, 0x0000000769700000|  0%| F|  |TAMS 0x0000000769600000, 0x0000000769600000| Untracked 
| 121|0x0000000769700000, 0x0000000769700000, 0x0000000769800000|  0%| F|  |TAMS 0x0000000769700000, 0x0000000769700000| Untracked 
| 122|0x0000000769800000, 0x0000000769800000, 0x0000000769900000|  0%| F|  |TAMS 0x0000000769800000, 0x0000000769800000| Untracked 
| 123|0x0000000769900000, 0x0000000769900000, 0x0000000769a00000|  0%| F|  |TAMS 0x0000000769900000, 0x0000000769900000| Untracked 
| 124|0x0000000769a00000, 0x0000000769a00000, 0x0000000769b00000|  0%| F|  |TAMS 0x0000000769a00000, 0x0000000769a00000| Untracked 
| 125|0x0000000769b00000, 0x0000000769b00000, 0x0000000769c00000|  0%| F|  |TAMS 0x0000000769b00000, 0x0000000769b00000| Untracked 
| 126|0x0000000769c00000, 0x0000000769c00000, 0x0000000769d00000|  0%| F|  |TAMS 0x0000000769c00000, 0x0000000769c00000| Untracked 
| 127|0x0000000769d00000, 0x0000000769d00000, 0x0000000769e00000|  0%| F|  |TAMS 0x0000000769d00000, 0x0000000769d00000| Untracked 
| 128|0x0000000769e00000, 0x0000000769e00000, 0x0000000769f00000|  0%| F|  |TAMS 0x0000000769e00000, 0x0000000769e00000| Untracked 
| 129|0x0000000769f00000, 0x0000000769f00000, 0x000000076a000000|  0%| F|  |TAMS 0x0000000769f00000, 0x0000000769f00000| Untracked 
| 130|0x000000076a000000, 0x000000076a000000, 0x000000076a100000|  0%| F|  |TAMS 0x000000076a000000, 0x000000076a000000| Untracked 
| 131|0x000000076a100000, 0x000000076a100000, 0x000000076a200000|  0%| F|  |TAMS 0x000000076a100000, 0x000000076a100000| Untracked 
| 132|0x000000076a200000, 0x000000076a200000, 0x000000076a300000|  0%| F|  |TAMS 0x000000076a200000, 0x000000076a200000| Untracked 
| 133|0x000000076a300000, 0x000000076a300000, 0x000000076a400000|  0%| F|  |TAMS 0x000000076a300000, 0x000000076a300000| Untracked 
| 134|0x000000076a400000, 0x000000076a400000, 0x000000076a500000|  0%| F|  |TAMS 0x000000076a400000, 0x000000076a400000| Untracked 
| 135|0x000000076a500000, 0x000000076a500000, 0x000000076a600000|  0%| F|  |TAMS 0x000000076a500000, 0x000000076a500000| Untracked 
| 136|0x000000076a600000, 0x000000076a600000, 0x000000076a700000|  0%| F|  |TAMS 0x000000076a600000, 0x000000076a600000| Untracked 
| 137|0x000000076a700000, 0x000000076a700000, 0x000000076a800000|  0%| F|  |TAMS 0x000000076a700000, 0x000000076a700000| Untracked 
| 138|0x000000076a800000, 0x000000076a800000, 0x000000076a900000|  0%| F|  |TAMS 0x000000076a800000, 0x000000076a800000| Untracked 
| 139|0x000000076a900000, 0x000000076a900000, 0x000000076aa00000|  0%| F|  |TAMS 0x000000076a900000, 0x000000076a900000| Untracked 
| 140|0x000000076aa00000, 0x000000076aa00000, 0x000000076ab00000|  0%| F|  |TAMS 0x000000076aa00000, 0x000000076aa00000| Untracked 
| 141|0x000000076ab00000, 0x000000076ab00000, 0x000000076ac00000|  0%| F|  |TAMS 0x000000076ab00000, 0x000000076ab00000| Untracked 
| 142|0x000000076ac00000, 0x000000076ac00000, 0x000000076ad00000|  0%| F|  |TAMS 0x000000076ac00000, 0x000000076ac00000| Untracked 
| 143|0x000000076ad00000, 0x000000076ad00000, 0x000000076ae00000|  0%| F|  |TAMS 0x000000076ad00000, 0x000000076ad00000| Untracked 
| 144|0x000000076ae00000, 0x000000076ae00000, 0x000000076af00000|  0%| F|  |TAMS 0x000000076ae00000, 0x000000076ae00000| Untracked 
| 145|0x000000076af00000, 0x000000076af00000, 0x000000076b000000|  0%| F|  |TAMS 0x000000076af00000, 0x000000076af00000| Untracked 
| 146|0x000000076b000000, 0x000000076b000000, 0x000000076b100000|  0%| F|  |TAMS 0x000000076b000000, 0x000000076b000000| Untracked 
| 147|0x000000076b100000, 0x000000076b100000, 0x000000076b200000|  0%| F|  |TAMS 0x000000076b100000, 0x000000076b100000| Untracked 
| 148|0x000000076b200000, 0x000000076b200000, 0x000000076b300000|  0%| F|  |TAMS 0x000000076b200000, 0x000000076b200000| Untracked 
| 149|0x000000076b300000, 0x000000076b300000, 0x000000076b400000|  0%| F|  |TAMS 0x000000076b300000, 0x000000076b300000| Untracked 
| 150|0x000000076b400000, 0x000000076b400000, 0x000000076b500000|  0%| F|  |TAMS 0x000000076b400000, 0x000000076b400000| Untracked 
| 151|0x000000076b500000, 0x000000076b500000, 0x000000076b600000|  0%| F|  |TAMS 0x000000076b500000, 0x000000076b500000| Untracked 
| 152|0x000000076b600000, 0x000000076b600000, 0x000000076b700000|  0%| F|  |TAMS 0x000000076b600000, 0x000000076b600000| Untracked 
| 153|0x000000076b700000, 0x000000076b700000, 0x000000076b800000|  0%| F|  |TAMS 0x000000076b700000, 0x000000076b700000| Untracked 
| 154|0x000000076b800000, 0x000000076b800000, 0x000000076b900000|  0%| F|  |TAMS 0x000000076b800000, 0x000000076b800000| Untracked 
| 155|0x000000076b900000, 0x000000076b900000, 0x000000076ba00000|  0%| F|  |TAMS 0x000000076b900000, 0x000000076b900000| Untracked 
| 156|0x000000076ba00000, 0x000000076ba00000, 0x000000076bb00000|  0%| F|  |TAMS 0x000000076ba00000, 0x000000076ba00000| Untracked 
| 157|0x000000076bb00000, 0x000000076bb00000, 0x000000076bc00000|  0%| F|  |TAMS 0x000000076bb00000, 0x000000076bb00000| Untracked 
| 158|0x000000076bc00000, 0x000000076bc00000, 0x000000076bd00000|  0%| F|  |TAMS 0x000000076bc00000, 0x000000076bc00000| Untracked 
| 159|0x000000076bd00000, 0x000000076bd00000, 0x000000076be00000|  0%| F|  |TAMS 0x000000076bd00000, 0x000000076bd00000| Untracked 
| 160|0x000000076be00000, 0x000000076be00000, 0x000000076bf00000|  0%| F|  |TAMS 0x000000076be00000, 0x000000076be00000| Untracked 
| 161|0x000000076bf00000, 0x000000076bf00000, 0x000000076c000000|  0%| F|  |TAMS 0x000000076bf00000, 0x000000076bf00000| Untracked 
| 162|0x000000076c000000, 0x000000076c000000, 0x000000076c100000|  0%| F|  |TAMS 0x000000076c000000, 0x000000076c000000| Untracked 
| 163|0x000000076c100000, 0x000000076c100000, 0x000000076c200000|  0%| F|  |TAMS 0x000000076c100000, 0x000000076c100000| Untracked 
| 164|0x000000076c200000, 0x000000076c200000, 0x000000076c300000|  0%| F|  |TAMS 0x000000076c200000, 0x000000076c200000| Untracked 
| 165|0x000000076c300000, 0x000000076c300000, 0x000000076c400000|  0%| F|  |TAMS 0x000000076c300000, 0x000000076c300000| Untracked 
| 166|0x000000076c400000, 0x000000076c400000, 0x000000076c500000|  0%| F|  |TAMS 0x000000076c400000, 0x000000076c400000| Untracked 
| 167|0x000000076c500000, 0x000000076c500000, 0x000000076c600000|  0%| F|  |TAMS 0x000000076c500000, 0x000000076c500000| Untracked 
| 168|0x000000076c600000, 0x000000076c600000, 0x000000076c700000|  0%| F|  |TAMS 0x000000076c600000, 0x000000076c600000| Untracked 
| 169|0x000000076c700000, 0x000000076c700000, 0x000000076c800000|  0%| F|  |TAMS 0x000000076c700000, 0x000000076c700000| Untracked 
| 170|0x000000076c800000, 0x000000076c800000, 0x000000076c900000|  0%| F|  |TAMS 0x000000076c800000, 0x000000076c800000| Untracked 
| 171|0x000000076c900000, 0x000000076c900000, 0x000000076ca00000|  0%| F|  |TAMS 0x000000076c900000, 0x000000076c900000| Untracked 
| 172|0x000000076ca00000, 0x000000076ca00000, 0x000000076cb00000|  0%| F|  |TAMS 0x000000076ca00000, 0x000000076ca00000| Untracked 
| 173|0x000000076cb00000, 0x000000076cb00000, 0x000000076cc00000|  0%| F|  |TAMS 0x000000076cb00000, 0x000000076cb00000| Untracked 
| 174|0x000000076cc00000, 0x000000076cc00000, 0x000000076cd00000|  0%| F|  |TAMS 0x000000076cc00000, 0x000000076cc00000| Untracked 
| 175|0x000000076cd00000, 0x000000076cd00000, 0x000000076ce00000|  0%| F|  |TAMS 0x000000076cd00000, 0x000000076cd00000| Untracked 
| 176|0x000000076ce00000, 0x000000076ce00000, 0x000000076cf00000|  0%| F|  |TAMS 0x000000076ce00000, 0x000000076ce00000| Untracked 
| 177|0x000000076cf00000, 0x000000076cf00000, 0x000000076d000000|  0%| F|  |TAMS 0x000000076cf00000, 0x000000076cf00000| Untracked 
| 178|0x000000076d000000, 0x000000076d000000, 0x000000076d100000|  0%| F|  |TAMS 0x000000076d000000, 0x000000076d000000| Untracked 
| 179|0x000000076d100000, 0x000000076d100000, 0x000000076d200000|  0%| F|  |TAMS 0x000000076d100000, 0x000000076d100000| Untracked 
| 180|0x000000076d200000, 0x000000076d200000, 0x000000076d300000|  0%| F|  |TAMS 0x000000076d200000, 0x000000076d200000| Untracked 
| 181|0x000000076d300000, 0x000000076d300000, 0x000000076d400000|  0%| F|  |TAMS 0x000000076d300000, 0x000000076d300000| Untracked 
| 182|0x000000076d400000, 0x000000076d400000, 0x000000076d500000|  0%| F|  |TAMS 0x000000076d400000, 0x000000076d400000| Untracked 
| 183|0x000000076d500000, 0x000000076d500000, 0x000000076d600000|  0%| F|  |TAMS 0x000000076d500000, 0x000000076d500000| Untracked 
| 184|0x000000076d600000, 0x000000076d600000, 0x000000076d700000|  0%| F|  |TAMS 0x000000076d600000, 0x000000076d600000| Untracked 
| 185|0x000000076d700000, 0x000000076d700000, 0x000000076d800000|  0%| F|  |TAMS 0x000000076d700000, 0x000000076d700000| Untracked 
| 186|0x000000076d800000, 0x000000076d800000, 0x000000076d900000|  0%| F|  |TAMS 0x000000076d800000, 0x000000076d800000| Untracked 
| 187|0x000000076d900000, 0x000000076d900000, 0x000000076da00000|  0%| F|  |TAMS 0x000000076d900000, 0x000000076d900000| Untracked 
| 188|0x000000076da00000, 0x000000076da00000, 0x000000076db00000|  0%| F|  |TAMS 0x000000076da00000, 0x000000076da00000| Untracked 
| 189|0x000000076db00000, 0x000000076db00000, 0x000000076dc00000|  0%| F|  |TAMS 0x000000076db00000, 0x000000076db00000| Untracked 
| 190|0x000000076dc00000, 0x000000076dc00000, 0x000000076dd00000|  0%| F|  |TAMS 0x000000076dc00000, 0x000000076dc00000| Untracked 
| 191|0x000000076dd00000, 0x000000076dd00000, 0x000000076de00000|  0%| F|  |TAMS 0x000000076dd00000, 0x000000076dd00000| Untracked 
| 192|0x000000076de00000, 0x000000076de00000, 0x000000076df00000|  0%| F|  |TAMS 0x000000076de00000, 0x000000076de00000| Untracked 
| 193|0x000000076df00000, 0x000000076df00000, 0x000000076e000000|  0%| F|  |TAMS 0x000000076df00000, 0x000000076df00000| Untracked 
| 194|0x000000076e000000, 0x000000076e000000, 0x000000076e100000|  0%| F|  |TAMS 0x000000076e000000, 0x000000076e000000| Untracked 
| 195|0x000000076e100000, 0x000000076e100000, 0x000000076e200000|  0%| F|  |TAMS 0x000000076e100000, 0x000000076e100000| Untracked 
| 196|0x000000076e200000, 0x000000076e200000, 0x000000076e300000|  0%| F|  |TAMS 0x000000076e200000, 0x000000076e200000| Untracked 
| 197|0x000000076e300000, 0x000000076e300000, 0x000000076e400000|  0%| F|  |TAMS 0x000000076e300000, 0x000000076e300000| Untracked 
| 198|0x000000076e400000, 0x000000076e400000, 0x000000076e500000|  0%| F|  |TAMS 0x000000076e400000, 0x000000076e400000| Untracked 
| 199|0x000000076e500000, 0x000000076e500000, 0x000000076e600000|  0%| F|  |TAMS 0x000000076e500000, 0x000000076e500000| Untracked 
| 200|0x000000076e600000, 0x000000076e600000, 0x000000076e700000|  0%| F|  |TAMS 0x000000076e600000, 0x000000076e600000| Untracked 
| 201|0x000000076e700000, 0x000000076e700000, 0x000000076e800000|  0%| F|  |TAMS 0x000000076e700000, 0x000000076e700000| Untracked 
| 202|0x000000076e800000, 0x000000076e800000, 0x000000076e900000|  0%| F|  |TAMS 0x000000076e800000, 0x000000076e800000| Untracked 
| 203|0x000000076e900000, 0x000000076e900000, 0x000000076ea00000|  0%| F|  |TAMS 0x000000076e900000, 0x000000076e900000| Untracked 
| 204|0x000000076ea00000, 0x000000076ea00000, 0x000000076eb00000|  0%| F|  |TAMS 0x000000076ea00000, 0x000000076ea00000| Untracked 
| 205|0x000000076eb00000, 0x000000076eb00000, 0x000000076ec00000|  0%| F|  |TAMS 0x000000076eb00000, 0x000000076eb00000| Untracked 
| 206|0x000000076ec00000, 0x000000076ec00000, 0x000000076ed00000|  0%| F|  |TAMS 0x000000076ec00000, 0x000000076ec00000| Untracked 
| 207|0x000000076ed00000, 0x000000076ed00000, 0x000000076ee00000|  0%| F|  |TAMS 0x000000076ed00000, 0x000000076ed00000| Untracked 
| 208|0x000000076ee00000, 0x000000076ee00000, 0x000000076ef00000|  0%| F|  |TAMS 0x000000076ee00000, 0x000000076ee00000| Untracked 
| 209|0x000000076ef00000, 0x000000076ef00000, 0x000000076f000000|  0%| F|  |TAMS 0x000000076ef00000, 0x000000076ef00000| Untracked 
| 210|0x000000076f000000, 0x000000076f000000, 0x000000076f100000|  0%| F|  |TAMS 0x000000076f000000, 0x000000076f000000| Untracked 
| 211|0x000000076f100000, 0x000000076f100000, 0x000000076f200000|  0%| F|  |TAMS 0x000000076f100000, 0x000000076f100000| Untracked 
| 212|0x000000076f200000, 0x000000076f200000, 0x000000076f300000|  0%| F|  |TAMS 0x000000076f200000, 0x000000076f200000| Untracked 
| 213|0x000000076f300000, 0x000000076f300000, 0x000000076f400000|  0%| F|  |TAMS 0x000000076f300000, 0x000000076f300000| Untracked 
| 214|0x000000076f400000, 0x000000076f400000, 0x000000076f500000|  0%| F|  |TAMS 0x000000076f400000, 0x000000076f400000| Untracked 
| 215|0x000000076f500000, 0x000000076f500000, 0x000000076f600000|  0%| F|  |TAMS 0x000000076f500000, 0x000000076f500000| Untracked 
| 216|0x000000076f600000, 0x000000076f600000, 0x000000076f700000|  0%| F|  |TAMS 0x000000076f600000, 0x000000076f600000| Untracked 
| 217|0x000000076f700000, 0x000000076f700000, 0x000000076f800000|  0%| F|  |TAMS 0x000000076f700000, 0x000000076f700000| Untracked 
| 218|0x000000076f800000, 0x000000076f800000, 0x000000076f900000|  0%| F|  |TAMS 0x000000076f800000, 0x000000076f800000| Untracked 
| 219|0x000000076f900000, 0x000000076f900000, 0x000000076fa00000|  0%| F|  |TAMS 0x000000076f900000, 0x000000076f900000| Untracked 
| 220|0x000000076fa00000, 0x000000076fa00000, 0x000000076fb00000|  0%| F|  |TAMS 0x000000076fa00000, 0x000000076fa00000| Untracked 
| 221|0x000000076fb00000, 0x000000076fb00000, 0x000000076fc00000|  0%| F|  |TAMS 0x000000076fb00000, 0x000000076fb00000| Untracked 
| 222|0x000000076fc00000, 0x000000076fc00000, 0x000000076fd00000|  0%| F|  |TAMS 0x000000076fc00000, 0x000000076fc00000| Untracked 
| 223|0x000000076fd00000, 0x000000076fd00000, 0x000000076fe00000|  0%| F|  |TAMS 0x000000076fd00000, 0x000000076fd00000| Untracked 
| 224|0x000000076fe00000, 0x000000076fe00000, 0x000000076ff00000|  0%| F|  |TAMS 0x000000076fe00000, 0x000000076fe00000| Untracked 
| 225|0x000000076ff00000, 0x000000076ff00000, 0x0000000770000000|  0%| F|  |TAMS 0x000000076ff00000, 0x000000076ff00000| Untracked 
| 226|0x0000000770000000, 0x0000000770000000, 0x0000000770100000|  0%| F|  |TAMS 0x0000000770000000, 0x0000000770000000| Untracked 
| 227|0x0000000770100000, 0x0000000770100000, 0x0000000770200000|  0%| F|  |TAMS 0x0000000770100000, 0x0000000770100000| Untracked 
| 228|0x0000000770200000, 0x0000000770200000, 0x0000000770300000|  0%| F|  |TAMS 0x0000000770200000, 0x0000000770200000| Untracked 
| 229|0x0000000770300000, 0x0000000770300000, 0x0000000770400000|  0%| F|  |TAMS 0x0000000770300000, 0x0000000770300000| Untracked 
| 230|0x0000000770400000, 0x00000007704eb840, 0x0000000770500000| 91%| E|  |TAMS 0x0000000770400000, 0x0000000770400000| Complete 

Card table byte_map: [0x000001c47e7a0000,0x000001c47eca0000] _byte_map_base: 0x000001c47ac91000

Marking Bits (Prev, Next): (CMBitMap*) 0x000001c466bd2788, (CMBitMap*) 0x000001c466bd27c0
 Prev Bits: [0x000001c400000000, 0x000001c402788000)
 Next Bits: [0x000001c402790000, 0x000001c404f18000)

Polling page: 0x000001c464d10000

Metaspace:

Usage:
  Non-class:     64.96 MB capacity,    63.57 MB ( 98%) used,     1.13 MB (  2%) free+waste,   267.75 KB ( <1%) overhead. 
      Class:     10.65 MB capacity,     9.77 MB ( 92%) used,   766.51 KB (  7%) free+waste,   129.44 KB (  1%) overhead. 
       Both:     75.60 MB capacity,    73.34 MB ( 97%) used,     1.88 MB (  2%) free+waste,   397.19 KB ( <1%) overhead. 

Virtual space:
  Non-class space:       66.00 MB reserved,      65.17 MB ( 99%) committed 
      Class space:        1.00 GB reserved,      10.75 MB (  1%) committed 
             Both:        1.06 GB reserved,      75.92 MB (  7%) committed 

Chunk freelists:
   Non-Class:  28.00 KB
       Class:  9.00 KB
        Both:  37.00 KB

MaxMetaspaceSize: 17179869184.00 GB
CompressedClassSpaceSize: 1.00 GB
Initial GC threshold: 20.80 MB
Current GC threshold: 111.95 MB
CDS: off

CodeHeap 'non-profiled nmethods': size=238912Kb used=15463Kb max_used=15463Kb free=223448Kb
 bounds [0x000001c46f950000, 0x000001c470870000, 0x000001c47e2a0000]
CodeHeap 'non-nmethods': size=6848Kb used=1347Kb max_used=1347Kb free=5500Kb
 bounds [0x000001c46f2a0000, 0x000001c46f510000, 0x000001c46f950000]
 total_blobs=10164 nmethods=9514 adapters=575
 compilation: enabled
              stopped_count=0, restarted_count=0
 full_count=0

Compilation events (20 events):
Event: 6552.156 Thread 0x000001c406f74000 9505       1       org.springframework.web.servlet.mvc.condition.RequestMethodsRequestCondition::getMatchingCondition (73 bytes)
Event: 6552.157 Thread 0x000001c406f74000 nmethod 9505 0x000001c470866990 code [0x000001c470866bc0, 0x000001c470866ed8]
Event: 6552.157 Thread 0x000001c406f74000 9506   !   1       org.springframework.web.servlet.mvc.condition.RequestMethodsRequestCondition::matchRequestMethod (80 bytes)
Event: 6552.157 Thread 0x000001c406f74000 nmethod 9506 0x000001c470867110 code [0x000001c470867340, 0x000001c470867748]
Event: 6552.157 Thread 0x000001c406f74000 9507       1       org.springframework.web.bind.annotation.RequestMethod::valueOf (10 bytes)
Event: 6552.157 Thread 0x000001c406f74000 nmethod 9507 0x000001c470867b90 code [0x000001c470867d40, 0x000001c470867e48]
Event: 6552.157 Thread 0x000001c406f74000 9510   !   1       com.mysql.cj.jdbc.ConnectionImpl::setNetworkTimeout (90 bytes)
Event: 6552.158 Thread 0x000001c406f74000 nmethod 9510 0x000001c470867f10 code [0x000001c470868140, 0x000001c470868748]
Event: 6552.158 Thread 0x000001c406f74000 9511       1       org.hibernate.internal.util.StringHelper::replace (8 bytes)
Event: 6552.158 Thread 0x000001c406f74000 nmethod 9511 0x000001c470868b90 code [0x000001c470868d40, 0x000001c470868e08]
Event: 6552.158 Thread 0x000001c406f74000 9512       1       org.hibernate.internal.util.StringHelper::replace (9 bytes)
Event: 6552.159 Thread 0x000001c406f74000 nmethod 9512 0x000001c470868e90 code [0x000001c470869040, 0x000001c470869108]
Event: 6552.159 Thread 0x000001c406f74000 9513       1       org.hibernate.hql.internal.ast.tree.FromReferenceNode::isResolved (5 bytes)
Event: 6552.159 Thread 0x000001c406f74000 nmethod 9513 0x000001c470869190 code [0x000001c470869340, 0x000001c4708693f8]
Event: 6552.159 Thread 0x000001c406f74000 9514       1       org.hibernate.hql.internal.ast.util.ASTIterator::hasNext (13 bytes)
Event: 6552.159 Thread 0x000001c406f74000 nmethod 9514 0x000001c470869490 code [0x000001c470869640, 0x000001c470869718]
Event: 6552.159 Thread 0x000001c406f74000 9508       1       org.springframework.orm.jpa.AbstractEntityManagerFactoryBean::getJpaDialect (5 bytes)
Event: 6552.159 Thread 0x000001c406f74000 nmethod 9508 0x000001c470869790 code [0x000001c470869940, 0x000001c4708699f8]
Event: 6552.159 Thread 0x000001c406f74000 9509       1       org.springframework.orm.jpa.LocalContainerEntityManagerFactoryBean::getPersistenceUnitInfo (5 bytes)
Event: 6552.159 Thread 0x000001c406f74000 nmethod 9509 0x000001c470869a90 code [0x000001c470869c40, 0x000001c470869cf8]

GC Heap History (20 events):
Event: 3.821 GC heap before
{Heap before GC invocations=7 (full 0):
 garbage-first heap   total 163840K, used 21532K [0x0000000761e00000, 0x0000000800000000)
  region size 1024K, 16 young (16384K), 8 survivors (8192K)
 Metaspace       used 34720K, capacity 35758K, committed 35888K, reserved 1081344K
  class space    used 4460K, capacity 4883K, committed 4992K, reserved 1048576K
}
Event: 3.839 GC heap after
{Heap after GC invocations=8 (full 0):
 garbage-first heap   total 163840K, used 15066K [0x0000000761e00000, 0x0000000800000000)
  region size 1024K, 6 young (6144K), 6 survivors (6144K)
 Metaspace       used 34720K, capacity 35758K, committed 35888K, reserved 1081344K
  class space    used 4460K, capacity 4883K, committed 4992K, reserved 1048576K
}
Event: 4.463 GC heap before
{Heap before GC invocations=9 (full 0):
 garbage-first heap   total 163840K, used 106202K [0x0000000761e00000, 0x0000000800000000)
  region size 1024K, 96 young (98304K), 6 survivors (6144K)
 Metaspace       used 38551K, capacity 39817K, committed 39984K, reserved 1083392K
  class space    used 4970K, capacity 5496K, committed 5504K, reserved 1048576K
}
Event: 4.474 GC heap after
{Heap after GC invocations=10 (full 0):
 garbage-first heap   total 196608K, used 17299K [0x0000000761e00000, 0x0000000800000000)
  region size 1024K, 8 young (8192K), 8 survivors (8192K)
 Metaspace       used 38551K, capacity 39817K, committed 39984K, reserved 1083392K
  class space    used 4970K, capacity 5496K, committed 5504K, reserved 1048576K
}
Event: 5.796 GC heap before
{Heap before GC invocations=10 (full 0):
 garbage-first heap   total 196608K, used 125843K [0x0000000761e00000, 0x0000000800000000)
  region size 1024K, 115 young (117760K), 8 survivors (8192K)
 Metaspace       used 49590K, capacity 51006K, committed 51248K, reserved 1093632K
  class space    used 6416K, capacity 7001K, committed 7040K, reserved 1048576K
}
Event: 5.808 GC heap after
{Heap after GC invocations=11 (full 0):
 garbage-first heap   total 196608K, used 21331K [0x0000000761e00000, 0x0000000800000000)
  region size 1024K, 10 young (10240K), 10 survivors (10240K)
 Metaspace       used 49590K, capacity 51006K, committed 51248K, reserved 1093632K
  class space    used 6416K, capacity 7001K, committed 7040K, reserved 1048576K
}
Event: 6.938 GC heap before
{Heap before GC invocations=11 (full 0):
 garbage-first heap   total 196608K, used 74579K [0x0000000761e00000, 0x0000000800000000)
  region size 1024K, 63 young (64512K), 10 survivors (10240K)
 Metaspace       used 58607K, capacity 60057K, committed 60208K, reserved 1101824K
  class space    used 7840K, capacity 8476K, committed 8576K, reserved 1048576K
}
Event: 6.954 GC heap after
{Heap after GC invocations=12 (full 0):
 garbage-first heap   total 196608K, used 23405K [0x0000000761e00000, 0x0000000800000000)
  region size 1024K, 9 young (9216K), 9 survivors (9216K)
 Metaspace       used 58607K, capacity 60057K, committed 60208K, reserved 1101824K
  class space    used 7840K, capacity 8476K, committed 8576K, reserved 1048576K
}
Event: 8.165 GC heap before
{Heap before GC invocations=13 (full 0):
 garbage-first heap   total 196608K, used 129901K [0x0000000761e00000, 0x0000000800000000)
  region size 1024K, 113 young (115712K), 9 survivors (9216K)
 Metaspace       used 66626K, capacity 68481K, committed 68528K, reserved 1107968K
  class space    used 8934K, capacity 9704K, committed 9728K, reserved 1048576K
}
Event: 8.181 GC heap after
{Heap after GC invocations=14 (full 0):
 garbage-first heap   total 196608K, used 28532K [0x0000000761e00000, 0x0000000800000000)
  region size 1024K, 11 young (11264K), 11 survivors (11264K)
 Metaspace       used 66626K, capacity 68481K, committed 68528K, reserved 1107968K
  class space    used 8934K, capacity 9704K, committed 9728K, reserved 1048576K
}
Event: 751.376 GC heap before
{Heap before GC invocations=15 (full 0):
 garbage-first heap   total 196608K, used 135028K [0x0000000761e00000, 0x0000000800000000)
  region size 1024K, 115 young (117760K), 11 survivors (11264K)
 Metaspace       used 73277K, capacity 75515K, committed 75696K, reserved 1114112K
  class space    used 9802K, capacity 10689K, committed 10752K, reserved 1048576K
}
Event: 751.406 GC heap after
{Heap after GC invocations=16 (full 0):
 garbage-first heap   total 236544K, used 30456K [0x0000000761e00000, 0x0000000800000000)
  region size 1024K, 9 young (9216K), 9 survivors (9216K)
 Metaspace       used 73277K, capacity 75515K, committed 75696K, reserved 1114112K
  class space    used 9802K, capacity 10689K, committed 10752K, reserved 1048576K
}
Event: 2109.020 GC heap before
{Heap before GC invocations=16 (full 0):
 garbage-first heap   total 236544K, used 154360K [0x0000000761e00000, 0x0000000800000000)
  region size 1024K, 130 young (133120K), 9 survivors (9216K)
 Metaspace       used 73362K, capacity 75627K, committed 75696K, reserved 1114112K
  class space    used 9813K, capacity 10699K, committed 10752K, reserved 1048576K
}
Event: 2109.035 GC heap after
{Heap after GC invocations=17 (full 0):
 garbage-first heap   total 236544K, used 32015K [0x0000000761e00000, 0x0000000800000000)
  region size 1024K, 9 young (9216K), 9 survivors (9216K)
 Metaspace       used 73362K, capacity 75627K, committed 75696K, reserved 1114112K
  class space    used 9813K, capacity 10699K, committed 10752K, reserved 1048576K
}
Event: 3580.534 GC heap before
{Heap before GC invocations=17 (full 0):
 garbage-first heap   total 236544K, used 163087K [0x0000000761e00000, 0x0000000800000000)
  region size 1024K, 137 young (140288K), 9 survivors (9216K)
 Metaspace       used 73590K, capacity 75837K, committed 75952K, reserved 1114112K
  class space    used 9818K, capacity 10705K, committed 10752K, reserved 1048576K
}
Event: 3580.549 GC heap after
{Heap after GC invocations=18 (full 0):
 garbage-first heap   total 236544K, used 32368K [0x0000000761e00000, 0x0000000800000000)
  region size 1024K, 9 young (9216K), 9 survivors (9216K)
 Metaspace       used 73590K, capacity 75837K, committed 75952K, reserved 1114112K
  class space    used 9818K, capacity 10705K, committed 10752K, reserved 1048576K
}
Event: 5264.353 GC heap before
{Heap before GC invocations=18 (full 0):
 garbage-first heap   total 236544K, used 164464K [0x0000000761e00000, 0x0000000800000000)
  region size 1024K, 138 young (141312K), 9 survivors (9216K)
 Metaspace       used 74329K, capacity 76631K, committed 76848K, reserved 1116160K
  class space    used 9918K, capacity 10816K, committed 10880K, reserved 1048576K
}
Event: 5264.376 GC heap after
{Heap after GC invocations=19 (full 0):
 garbage-first heap   total 236544K, used 31964K [0x0000000761e00000, 0x0000000800000000)
  region size 1024K, 9 young (9216K), 9 survivors (9216K)
 Metaspace       used 74329K, capacity 76631K, committed 76848K, reserved 1116160K
  class space    used 9918K, capacity 10816K, committed 10880K, reserved 1048576K
}
Event: 6550.508 GC heap before
{Heap before GC invocations=19 (full 0):
 garbage-first heap   total 236544K, used 164060K [0x0000000761e00000, 0x0000000800000000)
  region size 1024K, 138 young (141312K), 9 survivors (9216K)
 Metaspace       used 75099K, capacity 77419K, committed 77744K, reserved 1116160K
  class space    used 10007K, capacity 10903K, committed 11008K, reserved 1048576K
}
Event: 6550.521 GC heap after
{Heap after GC invocations=20 (full 0):
 garbage-first heap   total 236544K, used 32337K [0x0000000761e00000, 0x0000000800000000)
  region size 1024K, 9 young (9216K), 9 survivors (9216K)
 Metaspace       used 75099K, capacity 77419K, committed 77744K, reserved 1116160K
  class space    used 10007K, capacity 10903K, committed 11008K, reserved 1048576K
}

Deoptimization events (6 events):
Event: 3.223 Thread 0x000001c407fee800 DEOPT PACKING pc=0x000001c46fc5b7b4 sp=0x0000003d484fcdb0
Event: 3.223 Thread 0x000001c407fee800 DEOPT UNPACKING pc=0x000001c46f2ea95e sp=0x0000003d484fc318 mode 0
Event: 7.888 Thread 0x000001c407fee800 DEOPT PACKING pc=0x000001c46fc1c47b sp=0x0000003d484fc120
Event: 7.888 Thread 0x000001c407fee800 DEOPT UNPACKING pc=0x000001c46f2ea95e sp=0x0000003d484fb628 mode 3
Event: 34.626 Thread 0x000001c409723000 DEOPT PACKING pc=0x000001c46faa9a34 sp=0x0000003d48efb7d0
Event: 34.626 Thread 0x000001c409723000 DEOPT UNPACKING pc=0x000001c46f2ea95e sp=0x0000003d48eface8 mode 0

Classes redefined (0 events):
No events

Internal exceptions (20 events):
Event: 1802.157 Thread 0x000001c40bbb0800 Exception <a 'java/net/SocketException'{0x000000076a681fc0}: Software caused connection abort: recv failed> (0x000000076a681fc0) thrown at [./src/hotspot/share/prims/jni.cpp, line 636]
Event: 3538.556 Thread 0x000001c40bbb0000 Exception <a 'java/net/SocketException'{0x000000076a638900}: Software caused connection abort: recv failed> (0x000000076a638900) thrown at [./src/hotspot/share/prims/jni.cpp, line 636]
Event: 3570.097 Thread 0x000001c40bbb0000 Exception <a 'java/net/SocketException'{0x0000000768fd6fd0}: Software caused connection abort: recv failed> (0x0000000768fd6fd0) thrown at [./src/hotspot/share/prims/jni.cpp, line 636]
Event: 3589.416 Thread 0x000001c40bbb5800 Exception <a 'java/net/SocketException'{0x00000007703970a0}: Software caused connection abort: recv failed> (0x00000007703970a0) thrown at [./src/hotspot/share/prims/jni.cpp, line 636]
Event: 5332.001 Thread 0x000001c40bbb5800 Exception <a 'java/net/SocketException'{0x000000076fc01c90}: Software caused connection abort: recv failed> (0x000000076fc01c90) thrown at [./src/hotspot/share/prims/jni.cpp, line 636]
Event: 5333.072 Thread 0x000001c40bbb5800 Exception <a 'java/net/SocketException'{0x000000076fc03460}: Software caused connection abort: socket write error> (0x000000076fc03460) thrown at [./src/hotspot/share/prims/jni.cpp, line 636]
Event: 5333.072 Thread 0x000001c40bbb5800 Exception <a 'java/net/SocketException'{0x000000076fc03a80}: Software caused connection abort: recv failed> (0x000000076fc03a80) thrown at [./src/hotspot/share/prims/jni.cpp, line 636]
Event: 5340.473 Thread 0x000001c40bbb2800 Exception <a 'java/net/SocketException'{0x000000076f5d9df8}: Software caused connection abort: recv failed> (0x000000076f5d9df8) thrown at [./src/hotspot/share/prims/jni.cpp, line 636]
Event: 5341.678 Thread 0x000001c40bbb2800 Exception <a 'java/net/SocketException'{0x000000076f5db8b8}: Software caused connection abort: recv failed> (0x000000076f5db8b8) thrown at [./src/hotspot/share/prims/jni.cpp, line 636]
Event: 5343.308 Thread 0x000001c40bbb2800 Exception <a 'java/net/SocketException'{0x000000076f5dd088}: Software caused connection abort: socket write error> (0x000000076f5dd088) thrown at [./src/hotspot/share/prims/jni.cpp, line 636]
Event: 5343.308 Thread 0x000001c40bbb2800 Exception <a 'java/net/SocketException'{0x000000076f5dd6a8}: Software caused connection abort: recv failed> (0x000000076f5dd6a8) thrown at [./src/hotspot/share/prims/jni.cpp, line 636]
Event: 5365.305 Thread 0x000001c40bbb5800 Exception <a 'java/net/SocketException'{0x000000076e82d498}: Software caused connection abort: socket write error> (0x000000076e82d498) thrown at [./src/hotspot/share/prims/jni.cpp, line 636]
Event: 5365.306 Thread 0x000001c40bbb5800 Exception <a 'java/net/SocketException'{0x000000076e82dab8}: Software caused connection abort: recv failed> (0x000000076e82dab8) thrown at [./src/hotspot/share/prims/jni.cpp, line 636]
Event: 5369.046 Thread 0x000001c40bbb5800 Exception <a 'java/net/SocketException'{0x000000076e82f288}: Software caused connection abort: socket write error> (0x000000076e82f288) thrown at [./src/hotspot/share/prims/jni.cpp, line 636]
Event: 5369.046 Thread 0x000001c40bbb5800 Exception <a 'java/net/SocketException'{0x000000076e82f8a8}: Software caused connection abort: recv failed> (0x000000076e82f8a8) thrown at [./src/hotspot/share/prims/jni.cpp, line 636]
Event: 5561.135 Thread 0x000001c40bbab000 Exception <a 'java/lang/NoSuchMethodError'{0x000000076c952ba8}: 'java.lang.Object java.lang.invoke.Invokers$Holder.linkToTargetMethod(java.lang.Object, java.lang.Object, java.lang.Object, java.lang.Object, java.lang.Object, java.lang.Object, java.lang.Object)'> (0x000000076c952ba8) thrown at [./src/hotspot/share/interpreter/linkResolver.cpp, line 773]
Event: 6386.075 Thread 0x000001c409725000 Exception <a 'java/lang/ClassNotFoundException'{0x000000076932e278}: java/lang/ObjectCustomizer> (0x000000076932e278) thrown at [./src/hotspot/share/classfile/systemDictionary.cpp, line 231]
Event: 6386.077 Thread 0x000001c409725000 Exception <a 'java/lang/ClassNotFoundException'{0x0000000769346db0}: com/stargateway/entities/EnquiryCustomizer> (0x0000000769346db0) thrown at [./src/hotspot/share/classfile/systemDictionary.cpp, line 231]
Event: 6535.906 Thread 0x000001c409725000 Exception <a 'java/lang/ClassNotFoundException'{0x000000076841f4b8}: java/lang/ObjectCustomizer> (0x000000076841f4b8) thrown at [./src/hotspot/share/classfile/systemDictionary.cpp, line 231]
Event: 6535.908 Thread 0x000001c409725000 Exception <a 'java/lang/ClassNotFoundException'{0x0000000768437d90}: com/stargateway/entities/BookingCustomizer> (0x0000000768437d90) thrown at [./src/hotspot/share/classfile/systemDictionary.cpp, line 231]

Events (20 events):
Event: 6403.524 loading class org/modelmapper/internal/ImplicitMappingBuilder$WeightPropertyMappingImpl
Event: 6403.524 loading class org/modelmapper/internal/ImplicitMappingBuilder$WeightPropertyMappingImpl done
Event: 6403.530 loading class com/fasterxml/jackson/databind/ser/std/SqlDateSerializer
Event: 6403.530 loading class com/fasterxml/jackson/databind/ser/std/SqlDateSerializer done
Event: 6535.902 loading class com/fasterxml/jackson/core/io/NumberInput
Event: 6535.902 loading class com/fasterxml/jackson/core/io/NumberInput done
Event: 6535.903 loading class com/fasterxml/jackson/databind/cfg/CoercionConfigs$1
Event: 6535.903 loading class com/fasterxml/jackson/databind/cfg/CoercionConfigs$1 done
Event: 6535.905 loading class java/lang/ObjectCustomizer
Event: 6535.905 loading class java/lang/ObjectCustomizer done
Event: 6535.906 loading class java/lang/ObjectCustomizer
Event: 6535.906 loading class java/lang/ObjectCustomizer done
Event: 6535.907 loading class com/stargateway/entities/BookingCustomizer
Event: 6535.907 loading class com/stargateway/entities/BookingCustomizer done
Event: 6535.907 loading class com/stargateway/entities/BookingCustomizer
Event: 6535.907 loading class com/stargateway/entities/BookingCustomizer done
Event: 6535.908 loading class com/stargateway/entities/BookingCustomizer
Event: 6535.908 loading class com/stargateway/entities/BookingCustomizer done
Event: 6550.508 Executing VM operation: G1CollectForAllocation
Event: 6550.521 Executing VM operation: G1CollectForAllocation done


Dynamic libraries:
0x00007ff7b31a0000 - 0x00007ff7b31ad000 	C:\Program Files\Eclipse Foundation\jdk-11.0.12.7-hotspot\bin\javaw.exe
0x00007ff809810000 - 0x00007ff809a05000 	C:\Windows\SYSTEM32\ntdll.dll
0x00007ff8078d0000 - 0x00007ff80798e000 	C:\Windows\System32\KERNEL32.DLL
0x00007ff806ee0000 - 0x00007ff8071a8000 	C:\Windows\System32\KERNELBASE.dll
0x00007ff807680000 - 0x00007ff807780000 	C:\Windows\System32\ucrtbase.dll
0x00007ff801310000 - 0x00007ff801325000 	C:\Program Files\Eclipse Foundation\jdk-11.0.12.7-hotspot\bin\VCRUNTIME140.dll
0x00007ffffd330000 - 0x00007ffffd347000 	C:\Program Files\Eclipse Foundation\jdk-11.0.12.7-hotspot\bin\jli.dll
0x00007ff807f30000 - 0x00007ff8080d0000 	C:\Windows\System32\USER32.dll
0x00007ff8075a0000 - 0x00007ff8075c2000 	C:\Windows\System32\win32u.dll
0x00007ff809030000 - 0x00007ff80905b000 	C:\Windows\System32\GDI32.dll
0x00007ff8071b0000 - 0x00007ff8072bb000 	C:\Windows\System32\gdi32full.dll
0x00007ffff9870000 - 0x00007ffff9b0a000 	C:\Windows\WinSxS\amd64_microsoft.windows.common-controls_6595b64144ccf1df_6.0.19041.1110_none_60b5254171f9507e\COMCTL32.dll
0x00007ff807500000 - 0x00007ff80759d000 	C:\Windows\System32\msvcp_win.dll
0x00007ff807e30000 - 0x00007ff807ece000 	C:\Windows\System32\msvcrt.dll
0x00007ff807990000 - 0x00007ff8079c0000 	C:\Windows\System32\IMM32.DLL
0x00007fffe8f30000 - 0x00007fffe8fcb000 	C:\Program Files\Eclipse Foundation\jdk-11.0.12.7-hotspot\bin\msvcp140.dll
0x00007fffb4900000 - 0x00007fffb5459000 	C:\Program Files\Eclipse Foundation\jdk-11.0.12.7-hotspot\bin\server\jvm.dll
0x00007ff807820000 - 0x00007ff8078ce000 	C:\Windows\System32\ADVAPI32.dll
0x00007ff8080d0000 - 0x00007ff80816c000 	C:\Windows\System32\sechost.dll
0x00007ff809200000 - 0x00007ff809325000 	C:\Windows\System32\RPCRT4.dll
0x00007ff808f50000 - 0x00007ff808f59000 	C:\Windows\System32\WSOCK32.dll
0x00007ff809060000 - 0x00007ff8090cb000 	C:\Windows\System32\WS2_32.dll
0x00007ff808f40000 - 0x00007ff808f4a000 	C:\Windows\System32\VERSION.dll
0x00007ff808200000 - 0x00007ff808208000 	C:\Windows\System32\PSAPI.DLL
0x00007ff800000000 - 0x00007ff800027000 	C:\Windows\SYSTEM32\WINMM.dll
0x00007ff804df0000 - 0x00007ff804e02000 	C:\Windows\SYSTEM32\kernel.appcore.dll
0x00007ff804220000 - 0x00007ff804230000 	C:\Program Files\Eclipse Foundation\jdk-11.0.12.7-hotspot\bin\verify.dll
0x00007ffff83d0000 - 0x00007ffff85b4000 	C:\Windows\SYSTEM32\DBGHELP.DLL
0x00007ffff8340000 - 0x00007ffff836c000 	C:\Windows\SYSTEM32\dbgcore.DLL
0x00007ff807470000 - 0x00007ff8074f2000 	C:\Windows\System32\bcryptPrimitives.dll
0x00007fffedc80000 - 0x00007fffedca8000 	C:\Program Files\Eclipse Foundation\jdk-11.0.12.7-hotspot\bin\java.dll
0x00007ffffead0000 - 0x00007ffffeada000 	C:\Program Files\Eclipse Foundation\jdk-11.0.12.7-hotspot\bin\jimage.dll
0x00007ffff88c0000 - 0x00007ffff88d7000 	C:\Program Files\Eclipse Foundation\jdk-11.0.12.7-hotspot\bin\zip.dll
0x00007ff808220000 - 0x00007ff808964000 	C:\Windows\System32\SHELL32.dll
0x00007ff804ff0000 - 0x00007ff805784000 	C:\Windows\SYSTEM32\windows.storage.dll
0x00007ff808a90000 - 0x00007ff808de4000 	C:\Windows\System32\combase.dll
0x00007ff806870000 - 0x00007ff80689c000 	C:\Windows\SYSTEM32\Wldp.dll
0x00007ff809130000 - 0x00007ff8091dd000 	C:\Windows\System32\SHCORE.dll
0x00007ff8093c0000 - 0x00007ff809415000 	C:\Windows\System32\shlwapi.dll
0x00007ff806e20000 - 0x00007ff806e3f000 	C:\Windows\SYSTEM32\profapi.dll
0x00007ffff5700000 - 0x00007ffff5719000 	C:\Program Files\Eclipse Foundation\jdk-11.0.12.7-hotspot\bin\net.dll
0x00007ffffabe0000 - 0x00007fffface9000 	C:\Windows\SYSTEM32\WINHTTP.dll
0x00007fffed1c0000 - 0x00007fffed364000 	C:\Windows\system32\mwtsp.dll
0x00007ff808e10000 - 0x00007ff808f3a000 	C:\Windows\System32\ole32.dll
0x00007ff806da0000 - 0x00007ff806dd2000 	C:\Windows\SYSTEM32\SspiCli.dll
0x00007ff8065d0000 - 0x00007ff80663a000 	C:\Windows\system32\mswsock.dll
0x00007ffff4d30000 - 0x00007ffff4d42000 	C:\Program Files\Eclipse Foundation\jdk-11.0.12.7-hotspot\bin\nio.dll
0x00007ffff9250000 - 0x00007ffff9259000 	C:\Program Files\Eclipse Foundation\jdk-11.0.12.7-hotspot\bin\management.dll
0x00007ffff9150000 - 0x00007ffff915b000 	C:\Program Files\Eclipse Foundation\jdk-11.0.12.7-hotspot\bin\management_ext.dll
0x00007fffee7d0000 - 0x00007fffee7e7000 	C:\Windows\system32\napinsp.dll
0x00007fffee7b0000 - 0x00007fffee7cb000 	C:\Windows\system32\pnrpnsp.dll
0x00007fffee8a0000 - 0x00007fffee8b5000 	C:\Windows\system32\wshbth.dll
0x00007ff8028b0000 - 0x00007ff8028cd000 	C:\Windows\system32\NLAapi.dll
0x00007ff8062c0000 - 0x00007ff8062fb000 	C:\Windows\SYSTEM32\IPHLPAPI.DLL
0x00007ff806300000 - 0x00007ff8063ca000 	C:\Windows\SYSTEM32\DNSAPI.dll
0x00007ff8096e0000 - 0x00007ff8096e8000 	C:\Windows\System32\NSI.dll
0x00007fffee790000 - 0x00007fffee7a2000 	C:\Windows\System32\winrnr.dll
0x00007ffffd1d0000 - 0x00007ffffd1da000 	C:\Windows\System32\rasadhlp.dll
0x00007ffffacf0000 - 0x00007ffffad6f000 	C:\Windows\System32\fwpuclnt.dll
0x00007ff8077f0000 - 0x00007ff807817000 	C:\Windows\System32\bcrypt.dll
0x00007ff8067c0000 - 0x00007ff8067d8000 	C:\Windows\SYSTEM32\CRYPTSP.dll
0x00007ff805f50000 - 0x00007ff805f84000 	C:\Windows\system32\rsaenh.dll
0x00007ff806de0000 - 0x00007ff806e0e000 	C:\Windows\SYSTEM32\USERENV.dll
0x00007ff8067e0000 - 0x00007ff8067ec000 	C:\Windows\SYSTEM32\CRYPTBASE.dll
0x00007ffffe770000 - 0x00007ffffe787000 	C:\Windows\SYSTEM32\dhcpcsvc6.DLL
0x00007ffffe9f0000 - 0x00007ffffea0d000 	C:\Windows\SYSTEM32\dhcpcsvc.DLL
0x00007ffff8890000 - 0x00007ffff889e000 	C:\Program Files\Eclipse Foundation\jdk-11.0.12.7-hotspot\bin\sunmscapi.dll
0x00007ff807310000 - 0x00007ff807466000 	C:\Windows\System32\CRYPT32.dll
0x00007ff8068e0000 - 0x00007ff806907000 	C:\Windows\SYSTEM32\ncrypt.dll
0x00007ff8068a0000 - 0x00007ff8068db000 	C:\Windows\SYSTEM32\NTASN1.dll
0x00007fffec2c0000 - 0x00007fffec2e5000 	C:\Program Files\Eclipse Foundation\jdk-11.0.12.7-hotspot\bin\sunec.dll

dbghelp: loaded successfully - version: 4.0.5 - missing functions: none
symbol engine: initialized successfully - sym options: 0x614 - pdb path: .;C:\Program Files\Eclipse Foundation\jdk-11.0.12.7-hotspot\bin;C:\Windows\SYSTEM32;C:\Windows\WinSxS\amd64_microsoft.windows.common-controls_6595b64144ccf1df_6.0.19041.1110_none_60b5254171f9507e;C:\Program Files\Eclipse Foundation\jdk-11.0.12.7-hotspot\bin\server

VM Arguments:
jvm_args: -Dcom.sun.management.jmxremote -Dcom.sun.management.jmxremote.port=55599 -Dcom.sun.management.jmxremote.authenticate=false -Dcom.sun.management.jmxremote.ssl=false -Djava.rmi.server.hostname=localhost -Dspring.jmx.enabled=true -Dspring.liveBeansView.mbeanDomain -Dspring.application.admin.enabled=true -XX:TieredStopAtLevel=1 -Dspring.boot.project.name=stargateway -Dfile.encoding=UTF-8 
java_command: com.stargateway.StargatewayApplication --spring.output.ansi.enabled=always
java_class_path (initial): D:\CdacProject\stargateway\stargateway\target\classes;C:\Users\RYZEN\.m2\repository\org\springframework\boot\spring-boot-starter-data-jpa\2.6.5\spring-boot-starter-data-jpa-2.6.5.jar;C:\Users\RYZEN\.m2\repository\org\springframework\boot\spring-boot-starter-aop\2.6.5\spring-boot-starter-aop-2.6.5.jar;C:\Users\RYZEN\.m2\repository\org\aspectj\aspectjweaver\1.9.7\aspectjweaver-1.9.7.jar;C:\Users\RYZEN\.m2\repository\org\springframework\boot\spring-boot-starter-jdbc\2.6.5\spring-boot-starter-jdbc-2.6.5.jar;C:\Users\RYZEN\.m2\repository\com\zaxxer\HikariCP\4.0.3\HikariCP-4.0.3.jar;C:\Users\RYZEN\.m2\repository\org\springframework\spring-jdbc\5.3.17\spring-jdbc-5.3.17.jar;C:\Users\RYZEN\.m2\repository\jakarta\transaction\jakarta.transaction-api\1.3.3\jakarta.transaction-api-1.3.3.jar;C:\Users\RYZEN\.m2\repository\jakarta\persistence\jakarta.persistence-api\2.2.3\jakarta.persistence-api-2.2.3.jar;C:\Users\RYZEN\.m2\repository\org\hibernate\hibernate-core\5.6.7.Final\hibernate-core-5.6.7.Final.jar;C:\Users\RYZEN\.m2\repository\org\jboss\logging\jboss-logging\3.4.3.Final\jboss-logging-3.4.3.Final.jar;C:\Users\RYZEN\.m2\repository\net\bytebuddy\byte-buddy\1.11.22\byte-buddy-1.11.22.jar;C:\Users\RYZEN\.m2\repository\antlr\antlr\2.7.7\antlr-2.7.7.jar;C:\Users\RYZEN\.m2\repository\org\jboss\jandex\2.4.2.Final\jandex-2.4.2.Final.jar;C:\Users\RYZEN\.m2\repository\com\fasterxml\classmate\1.5.1\classmate-1.5.1.jar;C:\Users\RYZEN\.m2\repository\org\hibernate\common\hibernate-commons-annotations\5.1.2.Final\hibernate-commons-annotations-5.1.2.Final.jar;C:\Users\RYZEN\.m2\repository\org\glassfish\jaxb\jaxb-runtime\2.3.6\jaxb-runtime-2.3.6.jar;C:\Users\RYZEN\.m2\repository\org\glassfish\jaxb\txw2\2.3.6\txw2-2.3.6.jar;C:\Users\RYZEN\.m2\repository\com\sun\istack\istack-commons-runtime\3.0.12\istack-commons-runtime-3.0.12.jar;C:\Users\RYZEN\.m2\repository\com\sun\activation\jakarta.activation\1.2.2\jakarta.activation-1.2.2.jar;C:\Users\RYZEN\.m2\repository\or
Launcher Type: SUN_STANDARD

[Global flags]
     intx CICompilerCount                          = 3                                         {product} {ergonomic}
     uint ConcGCThreads                            = 1                                         {product} {ergonomic}
     uint G1ConcRefinementThreads                  = 4                                         {product} {ergonomic}
   size_t G1HeapRegionSize                         = 1048576                                   {product} {ergonomic}
    uintx GCDrainStackTargetSize                   = 64                                        {product} {ergonomic}
   size_t InitialHeapSize                          = 167772160                                 {product} {ergonomic}
     bool ManagementServer                         = true                                      {product} {command line}
   size_t MarkStackSize                            = 4194304                                   {product} {ergonomic}
   size_t MaxHeapSize                              = 2652897280                                {product} {ergonomic}
   size_t MaxNewSize                               = 1591738368                                {product} {ergonomic}
   size_t MinHeapDeltaBytes                        = 1048576                                   {product} {ergonomic}
    uintx NonNMethodCodeHeapSize                   = 6973028                                {pd product} {ergonomic}
    uintx NonProfiledCodeHeapSize                  = 244685212                              {pd product} {ergonomic}
    uintx ProfiledCodeHeapSize                     = 0                                      {pd product} {ergonomic}
    uintx ReservedCodeCacheSize                    = 251658240                              {pd product} {ergonomic}
     bool SegmentedCodeCache                       = true                                      {product} {ergonomic}
     intx TieredStopAtLevel                        = 1                                         {product} {command line}
     bool UseCompressedClassPointers               = true                                 {lp64_product} {ergonomic}
     bool UseCompressedOops                        = true                                 {lp64_product} {ergonomic}
     bool UseG1GC                                  = true                                      {product} {ergonomic}
     bool UseLargePagesIndividualAllocation        = false                                  {pd product} {ergonomic}

Logging:
Log output configuration:
 #0: stdout all=warning uptime,level,tags
 #1: stderr all=off uptime,level,tags

Environment Variables:
PATH=C:/Program Files/Eclipse Foundation/jdk-11.0.12.7-hotspot/bin/server;C:/Program Files/Eclipse Foundation/jdk-11.0.12.7-hotspot/bin;C:\Windows\system32;C:\Windows;C:\Windows\system32\Wbem;C:\Program Files\Eclipse Foundation\jdk-11.0.12.7-hotspot\bin;C:\Program Files\Common Files\Oracle\Java\javapath;C:\Program Files (x86)\Common Files\Oracle\Java\javapath;C:\Windows\System32\WindowsPowerShell\v1.0\;C:\Windows\System32\OpenSSH\;C:\Program Files\Git\cmd;C:\TDM-GCC-32\bin;C:\Program Files (x86)\Microsoft VS Code\bin;C:\Program Files\Java\jdk-11.0.13\bin;C:\Program Files\nodejs\;C:\Program Files\MySQL\MySQL Shell 8.0\bin\;C:\Users\RYZEN\AppData\Local\Microsoft\WindowsApps;C:\Program Files\MySQL\MySQL Server 8.0\bin;C:\Program Files\Java\jdk-11.0.13\bin;C:\Users\RYZEN\AppData\Roaming\npm;C:\Program Files\JetBrains\IntelliJ IDEA Community Edition 2021.3.3\bin;;D:\java_software\spring-tool-suite-3.9.18.RELEASE-e4.21.0-win32-x86_64\sts-bundle\sts-3.9.18.RELEASE;
USERNAME=RYZEN
OS=Windows_NT
PROCESSOR_IDENTIFIER=AMD64 Family 23 Model 24 Stepping 1, AuthenticAMD



---------------  S Y S T E M  ---------------

OS: Windows 10 , 64 bit Build 19041 (10.0.19041.1566)
OS uptime: 1 days 9:44 hours

CPU:total 4 (initial active 4) (4 cores per cpu, 2 threads per core) family 23 model 24 stepping 1 microcode 0x0, cmov, cx8, fxsr, mmx, sse, sse2, sse3, ssse3, sse4.1, sse4.2, popcnt, avx, avx2, aes, clmul, mmxext, 3dnowpref, lzcnt, sse4a, ht, tsc, tscinvbit, tscinv, bmi1, bmi2, adx, sha, fma

Memory: 4k page, system-wide physical 10116M (3474M free)
TotalPageFile size 20356M (AvailPageFile size 9812M)
current process WorkingSet (physical memory assigned to process): 258M, peak: 346M
current process commit charge ("private bytes"): 424M, peak: 424M

vm_info: OpenJDK 64-Bit Server VM (11.0.12+7) for windows-amd64 JRE (11.0.12+7), built on Jul 21 2021 16:23:49 by "" with unknown MS VC++:1916

END.
